2011/08/21 03:36:54 [error] [exception.CHttpException.404] exception 'CHttpException' with message 'Unable to resolve the request "gii".' in C:\Users\xami\Desktop\web\git\framework\web\CWebApplication.php:281
Stack trace:
#0 C:\Users\xami\Desktop\web\git\framework\web\CWebApplication.php(136): CWebApplication->runController('gii')
#1 C:\Users\xami\Desktop\web\git\framework\base\CApplication.php(158): CWebApplication->processRequest()
#2 C:\Users\xami\Desktop\web\git\feediy.com\index.php(13): CApplication->run()
#3 {main} REQUEST_URI=/index.php?r=gii
2011/08/21 04:46:40 [error] [php] preg_split() [<a href='function.preg-split'>function.preg-split</a>]: Delimiter must not be alphanumeric or backslash (C:\Users\xami\Desktop\web\git\feediy.com\protected\controllers\ToolController.php:240)
Stack trace:
#0 C:\Users\xami\Desktop\web\git\framework\web\CController.php(300): CInlineAction->runWithParams()
#1 C:\Users\xami\Desktop\web\git\framework\web\CController.php(278): ToolController->runAction()
#2 C:\Users\xami\Desktop\web\git\framework\web\CController.php(257): ToolController->runActionWithFilters()
#3 C:\Users\xami\Desktop\web\git\framework\web\CWebApplication.php(277): ToolController->run()
#4 C:\Users\xami\Desktop\web\git\framework\web\CWebApplication.php(136): CWebApplication->runController()
#5 C:\Users\xami\Desktop\web\git\framework\base\CApplication.php(158): CWebApplication->processRequest()
#6 C:\Users\xami\Desktop\web\git\feediy.com\index.php(13): CWebApplication->run()
REQUEST_URI=/tool/test
in C:\Users\xami\Desktop\web\git\feediy.com\protected\controllers\ToolController.php (240)
in C:\Users\xami\Desktop\web\git\feediy.com\index.php (13)
2011/08/21 04:47:03 [error] [php] preg_split() [<a href='function.preg-split'>function.preg-split</a>]: Delimiter must not be alphanumeric or backslash (C:\Users\xami\Desktop\web\git\feediy.com\protected\controllers\ToolController.php:240)
Stack trace:
#0 C:\Users\xami\Desktop\web\git\framework\web\CController.php(300): CInlineAction->runWithParams()
#1 C:\Users\xami\Desktop\web\git\framework\web\CController.php(278): ToolController->runAction()
#2 C:\Users\xami\Desktop\web\git\framework\web\CController.php(257): ToolController->runActionWithFilters()
#3 C:\Users\xami\Desktop\web\git\framework\web\CWebApplication.php(277): ToolController->run()
#4 C:\Users\xami\Desktop\web\git\framework\web\CWebApplication.php(136): CWebApplication->runController()
#5 C:\Users\xami\Desktop\web\git\framework\base\CApplication.php(158): CWebApplication->processRequest()
#6 C:\Users\xami\Desktop\web\git\feediy.com\index.php(13): CWebApplication->run()
REQUEST_URI=/tool/test
in C:\Users\xami\Desktop\web\git\feediy.com\protected\controllers\ToolController.php (240)
in C:\Users\xami\Desktop\web\git\feediy.com\index.php (13)
2011/08/21 04:59:22 [error] [php] preg_split() [<a href='function.preg-split'>function.preg-split</a>]: Compilation failed: nothing to repeat at offset 7 (C:\Users\xami\Desktop\web\git\feediy.com\protected\components\Tools.php:75)
Stack trace:
#0 C:\Users\xami\Desktop\web\git\framework\web\actions\CInlineAction.php(50): ToolController->actionGetlinks()
#1 C:\Users\xami\Desktop\web\git\framework\web\CController.php(300): CInlineAction->runWithParams()
#2 C:\Users\xami\Desktop\web\git\framework\web\CController.php(278): ToolController->runAction()
#3 C:\Users\xami\Desktop\web\git\framework\web\CController.php(257): ToolController->runActionWithFilters()
#4 C:\Users\xami\Desktop\web\git\framework\web\CWebApplication.php(277): ToolController->run()
#5 C:\Users\xami\Desktop\web\git\framework\web\CWebApplication.php(136): CWebApplication->runController()
#6 C:\Users\xami\Desktop\web\git\framework\base\CApplication.php(158): CWebApplication->processRequest()
#7 C:\Users\xami\Desktop\web\git\feediy.com\index.php(13): CWebApplication->run()
REQUEST_URI=/tool/getlinks?src=http%3A%2F%2Fwww.mtianya.com&_=1313898545235
in C:\Users\xami\Desktop\web\git\feediy.com\protected\components\Tools.php (75)
in C:\Users\xami\Desktop\web\git\feediy.com\protected\controllers\ToolController.php (152)
in C:\Users\xami\Desktop\web\git\feediy.com\index.php (13)
2011/08/21 05:01:04 [error] [php] preg_split() [<a href='function.preg-split'>function.preg-split</a>]: Unknown modifier '&gt;' (C:\Users\xami\Desktop\web\git\feediy.com\protected\components\Tools.php:75)
Stack trace:
#0 C:\Users\xami\Desktop\web\git\framework\web\actions\CInlineAction.php(50): ToolController->actionGetlinks()
#1 C:\Users\xami\Desktop\web\git\framework\web\CController.php(300): CInlineAction->runWithParams()
#2 C:\Users\xami\Desktop\web\git\framework\web\CController.php(278): ToolController->runAction()
#3 C:\Users\xami\Desktop\web\git\framework\web\CController.php(257): ToolController->runActionWithFilters()
#4 C:\Users\xami\Desktop\web\git\framework\web\CWebApplication.php(277): ToolController->run()
#5 C:\Users\xami\Desktop\web\git\framework\web\CWebApplication.php(136): CWebApplication->runController()
#6 C:\Users\xami\Desktop\web\git\framework\base\CApplication.php(158): CWebApplication->processRequest()
#7 C:\Users\xami\Desktop\web\git\feediy.com\index.php(13): CWebApplication->run()
REQUEST_URI=/tool/getlinks?src=http%3A%2F%2Fwww.mtianya.com&_=1313898545235
in C:\Users\xami\Desktop\web\git\feediy.com\protected\components\Tools.php (75)
in C:\Users\xami\Desktop\web\git\feediy.com\protected\controllers\ToolController.php (152)
in C:\Users\xami\Desktop\web\git\feediy.com\index.php (13)
2011/08/21 05:05:18 [error] [php] preg_split() [<a href='function.preg-split'>function.preg-split</a>]: Compilation failed: nothing to repeat at offset 7 (C:\Users\xami\Desktop\web\git\feediy.com\protected\components\Tools.php:75)
Stack trace:
#0 C:\Users\xami\Desktop\web\git\framework\web\actions\CInlineAction.php(50): ToolController->actionGetlinks()
#1 C:\Users\xami\Desktop\web\git\framework\web\CController.php(300): CInlineAction->runWithParams()
#2 C:\Users\xami\Desktop\web\git\framework\web\CController.php(278): ToolController->runAction()
#3 C:\Users\xami\Desktop\web\git\framework\web\CController.php(257): ToolController->runActionWithFilters()
#4 C:\Users\xami\Desktop\web\git\framework\web\CWebApplication.php(277): ToolController->run()
#5 C:\Users\xami\Desktop\web\git\framework\web\CWebApplication.php(136): CWebApplication->runController()
#6 C:\Users\xami\Desktop\web\git\framework\base\CApplication.php(158): CWebApplication->processRequest()
#7 C:\Users\xami\Desktop\web\git\feediy.com\index.php(13): CWebApplication->run()
REQUEST_URI=/tool/getlinks?src=http%3A%2F%2Fwww.mtianya.com&_=1313898545235
in C:\Users\xami\Desktop\web\git\feediy.com\protected\components\Tools.php (75)
in C:\Users\xami\Desktop\web\git\feediy.com\protected\controllers\ToolController.php (152)
in C:\Users\xami\Desktop\web\git\feediy.com\index.php (13)
2011/08/21 05:06:18 [error] [php] preg_split() [<a href='function.preg-split'>function.preg-split</a>]: Compilation failed: nothing to repeat at offset 7 (C:\Users\xami\Desktop\web\git\feediy.com\protected\components\Tools.php:75)
Stack trace:
#0 C:\Users\xami\Desktop\web\git\framework\web\actions\CInlineAction.php(50): ToolController->actionGetlinks()
#1 C:\Users\xami\Desktop\web\git\framework\web\CController.php(300): CInlineAction->runWithParams()
#2 C:\Users\xami\Desktop\web\git\framework\web\CController.php(278): ToolController->runAction()
#3 C:\Users\xami\Desktop\web\git\framework\web\CController.php(257): ToolController->runActionWithFilters()
#4 C:\Users\xami\Desktop\web\git\framework\web\CWebApplication.php(277): ToolController->run()
#5 C:\Users\xami\Desktop\web\git\framework\web\CWebApplication.php(136): CWebApplication->runController()
#6 C:\Users\xami\Desktop\web\git\framework\base\CApplication.php(158): CWebApplication->processRequest()
#7 C:\Users\xami\Desktop\web\git\feediy.com\index.php(13): CWebApplication->run()
REQUEST_URI=/tool/getlinks?src=http%3A%2F%2Fwww.mtianya.com&_=1313898545235
in C:\Users\xami\Desktop\web\git\feediy.com\protected\components\Tools.php (75)
in C:\Users\xami\Desktop\web\git\feediy.com\protected\controllers\ToolController.php (152)
in C:\Users\xami\Desktop\web\git\feediy.com\index.php (13)
2011/08/21 05:06:19 [error] [php] preg_split() [<a href='function.preg-split'>function.preg-split</a>]: Compilation failed: nothing to repeat at offset 7 (C:\Users\xami\Desktop\web\git\feediy.com\protected\components\Tools.php:75)
Stack trace:
#0 C:\Users\xami\Desktop\web\git\framework\web\actions\CInlineAction.php(50): ToolController->actionGetlinks()
#1 C:\Users\xami\Desktop\web\git\framework\web\CController.php(300): CInlineAction->runWithParams()
#2 C:\Users\xami\Desktop\web\git\framework\web\CController.php(278): ToolController->runAction()
#3 C:\Users\xami\Desktop\web\git\framework\web\CController.php(257): ToolController->runActionWithFilters()
#4 C:\Users\xami\Desktop\web\git\framework\web\CWebApplication.php(277): ToolController->run()
#5 C:\Users\xami\Desktop\web\git\framework\web\CWebApplication.php(136): CWebApplication->runController()
#6 C:\Users\xami\Desktop\web\git\framework\base\CApplication.php(158): CWebApplication->processRequest()
#7 C:\Users\xami\Desktop\web\git\feediy.com\index.php(13): CWebApplication->run()
REQUEST_URI=/tool/getlinks?src=http%3A%2F%2Fwww.mtianya.com&_=1313898545235
in C:\Users\xami\Desktop\web\git\feediy.com\protected\components\Tools.php (75)
in C:\Users\xami\Desktop\web\git\feediy.com\protected\controllers\ToolController.php (152)
in C:\Users\xami\Desktop\web\git\feediy.com\index.php (13)
2011/08/21 05:06:21 [error] [php] preg_split() [<a href='function.preg-split'>function.preg-split</a>]: Compilation failed: nothing to repeat at offset 7 (C:\Users\xami\Desktop\web\git\feediy.com\protected\components\Tools.php:75)
Stack trace:
#0 C:\Users\xami\Desktop\web\git\framework\web\actions\CInlineAction.php(50): ToolController->actionGetlinks()
#1 C:\Users\xami\Desktop\web\git\framework\web\CController.php(300): CInlineAction->runWithParams()
#2 C:\Users\xami\Desktop\web\git\framework\web\CController.php(278): ToolController->runAction()
#3 C:\Users\xami\Desktop\web\git\framework\web\CController.php(257): ToolController->runActionWithFilters()
#4 C:\Users\xami\Desktop\web\git\framework\web\CWebApplication.php(277): ToolController->run()
#5 C:\Users\xami\Desktop\web\git\framework\web\CWebApplication.php(136): CWebApplication->runController()
#6 C:\Users\xami\Desktop\web\git\framework\base\CApplication.php(158): CWebApplication->processRequest()
#7 C:\Users\xami\Desktop\web\git\feediy.com\index.php(13): CWebApplication->run()
REQUEST_URI=/tool/getlinks?src=http%3A%2F%2Fwww.mtianya.com&_=1313898545235
in C:\Users\xami\Desktop\web\git\feediy.com\protected\components\Tools.php (75)
in C:\Users\xami\Desktop\web\git\feediy.com\protected\controllers\ToolController.php (152)
in C:\Users\xami\Desktop\web\git\feediy.com\index.php (13)
2011/08/21 05:06:42 [error] [php] preg_split() [<a href='function.preg-split'>function.preg-split</a>]: Compilation failed: nothing to repeat at offset 9 (C:\Users\xami\Desktop\web\git\feediy.com\protected\components\Tools.php:75)
Stack trace:
#0 C:\Users\xami\Desktop\web\git\framework\web\actions\CInlineAction.php(50): ToolController->actionGetlinks()
#1 C:\Users\xami\Desktop\web\git\framework\web\CController.php(300): CInlineAction->runWithParams()
#2 C:\Users\xami\Desktop\web\git\framework\web\CController.php(278): ToolController->runAction()
#3 C:\Users\xami\Desktop\web\git\framework\web\CController.php(257): ToolController->runActionWithFilters()
#4 C:\Users\xami\Desktop\web\git\framework\web\CWebApplication.php(277): ToolController->run()
#5 C:\Users\xami\Desktop\web\git\framework\web\CWebApplication.php(136): CWebApplication->runController()
#6 C:\Users\xami\Desktop\web\git\framework\base\CApplication.php(158): CWebApplication->processRequest()
#7 C:\Users\xami\Desktop\web\git\feediy.com\index.php(13): CWebApplication->run()
REQUEST_URI=/tool/getlinks?src=http%3A%2F%2Fwww.mtianya.com&_=1313898545235
in C:\Users\xami\Desktop\web\git\feediy.com\protected\components\Tools.php (75)
in C:\Users\xami\Desktop\web\git\feediy.com\protected\controllers\ToolController.php (152)
in C:\Users\xami\Desktop\web\git\feediy.com\index.php (13)
2011/08/21 05:23:19 [error] [php] preg_split() [<a href='function.preg-split'>function.preg-split</a>]: Unknown modifier '&gt;' (C:\Users\xami\Desktop\web\git\feediy.com\protected\components\Tools.php:80)
Stack trace:
#0 C:\Users\xami\Desktop\web\git\framework\web\actions\CInlineAction.php(50): ToolController->actionGetlinks()
#1 C:\Users\xami\Desktop\web\git\framework\web\CController.php(300): CInlineAction->runWithParams()
#2 C:\Users\xami\Desktop\web\git\framework\web\CController.php(278): ToolController->runAction()
#3 C:\Users\xami\Desktop\web\git\framework\web\CController.php(257): ToolController->runActionWithFilters()
#4 C:\Users\xami\Desktop\web\git\framework\web\CWebApplication.php(277): ToolController->run()
#5 C:\Users\xami\Desktop\web\git\framework\web\CWebApplication.php(136): CWebApplication->runController()
#6 C:\Users\xami\Desktop\web\git\framework\base\CApplication.php(158): CWebApplication->processRequest()
#7 C:\Users\xami\Desktop\web\git\feediy.com\index.php(13): CWebApplication->run()
REQUEST_URI=/tool/getlinks?src=http%3A%2F%2Fwww.youku.com&_=1313898545235
in C:\Users\xami\Desktop\web\git\feediy.com\protected\components\Tools.php (80)
in C:\Users\xami\Desktop\web\git\feediy.com\protected\controllers\ToolController.php (152)
in C:\Users\xami\Desktop\web\git\feediy.com\index.php (13)
2011/08/21 05:44:52 [error] [php] explode() [<a href='function.explode'>function.explode</a>]: Empty delimiter (C:\Users\xami\Desktop\web\git\feediy.com\protected\controllers\ToolController.php:140)
Stack trace:
#0 C:\Users\xami\Desktop\web\git\framework\web\CController.php(300): CInlineAction->runWithParams()
#1 C:\Users\xami\Desktop\web\git\framework\web\CController.php(278): ToolController->runAction()
#2 C:\Users\xami\Desktop\web\git\framework\web\CController.php(257): ToolController->runActionWithFilters()
#3 C:\Users\xami\Desktop\web\git\framework\web\CWebApplication.php(277): ToolController->run()
#4 C:\Users\xami\Desktop\web\git\framework\web\CWebApplication.php(136): CWebApplication->runController()
#5 C:\Users\xami\Desktop\web\git\framework\base\CApplication.php(158): CWebApplication->processRequest()
#6 C:\Users\xami\Desktop\web\git\feediy.com\index.php(13): CWebApplication->run()
REQUEST_URI=/tool/getlinks?src=http%3A%2F%2Fwww.tianya.cn&_=1313898545235
in C:\Users\xami\Desktop\web\git\feediy.com\protected\controllers\ToolController.php (140)
in C:\Users\xami\Desktop\web\git\feediy.com\index.php (13)
2011/08/21 05:47:56 [error] [php] explode() [<a href='function.explode'>function.explode</a>]: Empty delimiter (C:\Users\xami\Desktop\web\git\feediy.com\protected\controllers\ToolController.php:140)
Stack trace:
#0 C:\Users\xami\Desktop\web\git\framework\web\CController.php(300): CInlineAction->runWithParams()
#1 C:\Users\xami\Desktop\web\git\framework\web\CController.php(278): ToolController->runAction()
#2 C:\Users\xami\Desktop\web\git\framework\web\CController.php(257): ToolController->runActionWithFilters()
#3 C:\Users\xami\Desktop\web\git\framework\web\CWebApplication.php(277): ToolController->run()
#4 C:\Users\xami\Desktop\web\git\framework\web\CWebApplication.php(136): CWebApplication->runController()
#5 C:\Users\xami\Desktop\web\git\framework\base\CApplication.php(158): CWebApplication->processRequest()
#6 C:\Users\xami\Desktop\web\git\feediy.com\index.php(13): CWebApplication->run()
REQUEST_URI=/tool/getlinks?src=http%3A%2F%2Fwww.tianya.cn&_=1313898545235
in C:\Users\xami\Desktop\web\git\feediy.com\protected\controllers\ToolController.php (140)
in C:\Users\xami\Desktop\web\git\feediy.com\index.php (13)
2011/08/21 05:47:57 [error] [php] explode() [<a href='function.explode'>function.explode</a>]: Empty delimiter (C:\Users\xami\Desktop\web\git\feediy.com\protected\controllers\ToolController.php:140)
Stack trace:
#0 C:\Users\xami\Desktop\web\git\framework\web\CController.php(300): CInlineAction->runWithParams()
#1 C:\Users\xami\Desktop\web\git\framework\web\CController.php(278): ToolController->runAction()
#2 C:\Users\xami\Desktop\web\git\framework\web\CController.php(257): ToolController->runActionWithFilters()
#3 C:\Users\xami\Desktop\web\git\framework\web\CWebApplication.php(277): ToolController->run()
#4 C:\Users\xami\Desktop\web\git\framework\web\CWebApplication.php(136): CWebApplication->runController()
#5 C:\Users\xami\Desktop\web\git\framework\base\CApplication.php(158): CWebApplication->processRequest()
#6 C:\Users\xami\Desktop\web\git\feediy.com\index.php(13): CWebApplication->run()
REQUEST_URI=/tool/getlinks?src=http%3A%2F%2Fwww.tianya.cn&_=1313898545235
in C:\Users\xami\Desktop\web\git\feediy.com\protected\controllers\ToolController.php (140)
in C:\Users\xami\Desktop\web\git\feediy.com\index.php (13)
2011/08/24 08:38:18 [error] [exception.CException] exception 'CException' with message 'CAssetManager.basePath "D:\github\feediy.com\assets" is invalid. Please make sure the directory exists and is writable by the Web server process.' in D:\github\framework\web\CAssetManager.php:112
Stack trace:
#0 D:\github\framework\web\CAssetManager.php(97): CAssetManager->setBasePath('D:\github\feedi...')
#1 D:\github\framework\web\CAssetManager.php(215): CAssetManager->getBasePath()
#2 D:\github\framework\web\CClientScript.php(453): CAssetManager->publish('D:\github\frame...')
#3 D:\github\framework\web\CClientScript.php(490): CClientScript->getCoreScriptUrl()
#4 D:\github\framework\web\CClientScript.php(306): CClientScript->getPackageBaseUrl('jquery')
#5 D:\github\framework\web\CClientScript.php(197): CClientScript->renderCoreScripts()
#6 D:\github\framework\web\CController.php(343): CClientScript->render('<!DOCTYPE html ...')
#7 D:\github\framework\web\CController.php(785): CController->processOutput('<!DOCTYPE html ...')
#8 D:\github\feediy.com\protected\controllers\SiteController.php(32): CController->render('index')
#9 D:\github\framework\web\actions\CInlineAction.php(50): SiteController->actionIndex()
#10 D:\github\framework\web\CController.php(300): CInlineAction->runWithParams(Array)
#11 D:\github\framework\web\CController.php(278): CController->runAction(Object(CInlineAction))
#12 D:\github\framework\web\CController.php(257): CController->runActionWithFilters(Object(CInlineAction), Array)
#13 D:\github\framework\web\CWebApplication.php(277): CController->run('')
#14 D:\github\framework\web\CWebApplication.php(136): CWebApplication->runController('')
#15 D:\github\framework\base\CApplication.php(158): CWebApplication->processRequest()
#16 D:\github\feediy.com\index.php(13): CApplication->run()
#17 {main} REQUEST_URI=/
2011/08/24 08:39:31 [error] [php] Undefined variable: link_info (D:\github\feediy.com\protected\controllers\ToolController.php:192)
Stack trace:
#0 D:\github\framework\web\CController.php(278): ToolController->runAction()
#1 D:\github\framework\web\CController.php(257): ToolController->runActionWithFilters()
#2 D:\github\framework\web\CWebApplication.php(277): ToolController->run()
#3 D:\github\framework\web\CWebApplication.php(136): CWebApplication->runController()
#4 D:\github\framework\base\CApplication.php(158): CWebApplication->processRequest()
#5 D:\github\feediy.com\index.php(13): CWebApplication->run()
REQUEST_URI=/tool/getlinks?src=http%3A%2F%2Fwww.mtianya.com&_=1314167969485
in D:\github\feediy.com\protected\controllers\ToolController.php (192)
in D:\github\feediy.com\index.php (13)
2011/08/24 08:44:30 [error] [php] Undefined index: path (D:\github\feediy.com\protected\controllers\ToolController.php:211)
Stack trace:
#0 D:\github\framework\web\CController.php(278): ToolController->runAction()
#1 D:\github\framework\web\CController.php(257): ToolController->runActionWithFilters()
#2 D:\github\framework\web\CWebApplication.php(277): ToolController->run()
#3 D:\github\framework\web\CWebApplication.php(136): CWebApplication->runController()
#4 D:\github\framework\base\CApplication.php(158): CWebApplication->processRequest()
#5 D:\github\feediy.com\index.php(13): CWebApplication->run()
REQUEST_URI=/tool/getlinks?src=http%3A%2F%2Fwww.mtianya.com&_=1314168270662
in D:\github\feediy.com\protected\controllers\ToolController.php (211)
in D:\github\feediy.com\index.php (13)
2011/08/24 08:45:14 [error] [php] Undefined index: path (D:\github\feediy.com\protected\controllers\ToolController.php:211)
Stack trace:
#0 D:\github\framework\web\CController.php(278): ToolController->runAction()
#1 D:\github\framework\web\CController.php(257): ToolController->runActionWithFilters()
#2 D:\github\framework\web\CWebApplication.php(277): ToolController->run()
#3 D:\github\framework\web\CWebApplication.php(136): CWebApplication->runController()
#4 D:\github\framework\base\CApplication.php(158): CWebApplication->processRequest()
#5 D:\github\feediy.com\index.php(13): CWebApplication->run()
REQUEST_URI=/tool/getlinks?src=http%3A%2F%2Fwww.mtianya.com&_=1314168313988
in D:\github\feediy.com\protected\controllers\ToolController.php (211)
in D:\github\feediy.com\index.php (13)
2011/08/24 10:02:33 [error] [exception.CException] exception 'CException' with message 'ToolController cannot find the requested view "sitemap".' in D:\github\framework\web\CController.php:875
Stack trace:
#0 D:\github\framework\web\CController.php(779): CController->renderPartial('sitemap', NULL, true)
#1 D:\github\feediy.com\protected\controllers\ToolController.php(100): CController->render('sitemap')
#2 D:\github\framework\web\actions\CInlineAction.php(50): ToolController->actionSitemap()
#3 D:\github\framework\web\CController.php(300): CInlineAction->runWithParams(Array)
#4 D:\github\framework\web\CController.php(278): CController->runAction(Object(CInlineAction))
#5 D:\github\framework\web\CController.php(257): CController->runActionWithFilters(Object(CInlineAction), Array)
#6 D:\github\framework\web\CWebApplication.php(277): CController->run('sitemap')
#7 D:\github\framework\web\CWebApplication.php(136): CWebApplication->runController('tool/sitemap')
#8 D:\github\framework\base\CApplication.php(158): CWebApplication->processRequest()
#9 D:\github\feediy.com\index.php(13): CApplication->run()
#10 {main} REQUEST_URI=/tool/sitemap
2011/08/24 10:03:19 [error] [exception.CHttpException.404] exception 'CHttpException' with message 'The system is unable to find the requested action "images".' in D:\github\framework\web\CController.php:477
Stack trace:
#0 D:\github\framework\web\CController.php(262): CController->missingAction('images')
#1 D:\github\framework\web\CWebApplication.php(277): CController->run('images')
#2 D:\github\framework\web\CWebApplication.php(136): CWebApplication->runController('tool/images/cir...')
#3 D:\github\framework\base\CApplication.php(158): CWebApplication->processRequest()
#4 D:\github\feediy.com\index.php(13): CApplication->run()
#5 {main} REQUEST_URI=/tool/images/circular-4.gif
2011/08/24 10:03:19 [error] [exception.CHttpException.404] exception 'CHttpException' with message 'The system is unable to find the requested action "images".' in D:\github\framework\web\CController.php:477
Stack trace:
#0 D:\github\framework\web\CController.php(262): CController->missingAction('images')
#1 D:\github\framework\web\CWebApplication.php(277): CController->run('images')
#2 D:\github\framework\web\CWebApplication.php(136): CWebApplication->runController('tool/images/cir...')
#3 D:\github\framework\base\CApplication.php(158): CWebApplication->processRequest()
#4 D:\github\feediy.com\index.php(13): CApplication->run()
#5 {main} REQUEST_URI=/tool/images/circular-2.gif
2011/08/24 10:03:19 [error] [exception.CHttpException.404] exception 'CHttpException' with message 'The system is unable to find the requested action "images".' in D:\github\framework\web\CController.php:477
Stack trace:
#0 D:\github\framework\web\CController.php(262): CController->missingAction('images')
#1 D:\github\framework\web\CWebApplication.php(277): CController->run('images')
#2 D:\github\framework\web\CWebApplication.php(136): CWebApplication->runController('tool/images/cir...')
#3 D:\github\framework\base\CApplication.php(158): CWebApplication->processRequest()
#4 D:\github\feediy.com\index.php(13): CApplication->run()
#5 {main} REQUEST_URI=/tool/images/circular-3.gif
2011/08/24 10:03:19 [error] [exception.CHttpException.404] exception 'CHttpException' with message 'The system is unable to find the requested action "images".' in D:\github\framework\web\CController.php:477
Stack trace:
#0 D:\github\framework\web\CController.php(262): CController->missingAction('images')
#1 D:\github\framework\web\CWebApplication.php(277): CController->run('images')
#2 D:\github\framework\web\CWebApplication.php(136): CWebApplication->runController('tool/images/cir...')
#3 D:\github\framework\base\CApplication.php(158): CWebApplication->processRequest()
#4 D:\github\feediy.com\index.php(13): CApplication->run()
#5 {main} REQUEST_URI=/tool/images/circular-1.gif
2011/08/24 10:03:19 [error] [exception.CHttpException.404] exception 'CHttpException' with message 'The system is unable to find the requested action "images".' in D:\github\framework\web\CController.php:477
Stack trace:
#0 D:\github\framework\web\CController.php(262): CController->missingAction('images')
#1 D:\github\framework\web\CWebApplication.php(277): CController->run('images')
#2 D:\github\framework\web\CWebApplication.php(136): CWebApplication->runController('tool/images/but...')
#3 D:\github\framework\base\CApplication.php(158): CWebApplication->processRequest()
#4 D:\github\feediy.com\index.php(13): CApplication->run()
#5 {main} REQUEST_URI=/tool/images/but.gif
2011/08/24 10:03:28 [error] [exception.CHttpException.404] exception 'CHttpException' with message 'The system is unable to find the requested action "images".' in D:\github\framework\web\CController.php:477
Stack trace:
#0 D:\github\framework\web\CController.php(262): CController->missingAction('images')
#1 D:\github\framework\web\CWebApplication.php(277): CController->run('images')
#2 D:\github\framework\web\CWebApplication.php(136): CWebApplication->runController('tool/images/cir...')
#3 D:\github\framework\base\CApplication.php(158): CWebApplication->processRequest()
#4 D:\github\feediy.com\index.php(13): CApplication->run()
#5 {main} REQUEST_URI=/tool/images/circular-3.gif
2011/08/24 10:03:28 [error] [exception.CHttpException.404] exception 'CHttpException' with message 'The system is unable to find the requested action "images".' in D:\github\framework\web\CController.php:477
Stack trace:
#0 D:\github\framework\web\CController.php(262): CController->missingAction('images')
#1 D:\github\framework\web\CWebApplication.php(277): CController->run('images')
#2 D:\github\framework\web\CWebApplication.php(136): CWebApplication->runController('tool/images/cir...')
#3 D:\github\framework\base\CApplication.php(158): CWebApplication->processRequest()
#4 D:\github\feediy.com\index.php(13): CApplication->run()
#5 {main} REQUEST_URI=/tool/images/circular-1.gif
2011/08/24 10:03:28 [error] [exception.CHttpException.404] exception 'CHttpException' with message 'The system is unable to find the requested action "images".' in D:\github\framework\web\CController.php:477
Stack trace:
#0 D:\github\framework\web\CController.php(262): CController->missingAction('images')
#1 D:\github\framework\web\CWebApplication.php(277): CController->run('images')
#2 D:\github\framework\web\CWebApplication.php(136): CWebApplication->runController('tool/images/cir...')
#3 D:\github\framework\base\CApplication.php(158): CWebApplication->processRequest()
#4 D:\github\feediy.com\index.php(13): CApplication->run()
#5 {main} REQUEST_URI=/tool/images/circular-4.gif
2011/08/24 10:03:28 [error] [exception.CHttpException.404] exception 'CHttpException' with message 'The system is unable to find the requested action "images".' in D:\github\framework\web\CController.php:477
Stack trace:
#0 D:\github\framework\web\CController.php(262): CController->missingAction('images')
#1 D:\github\framework\web\CWebApplication.php(277): CController->run('images')
#2 D:\github\framework\web\CWebApplication.php(136): CWebApplication->runController('tool/images/cir...')
#3 D:\github\framework\base\CApplication.php(158): CWebApplication->processRequest()
#4 D:\github\feediy.com\index.php(13): CApplication->run()
#5 {main} REQUEST_URI=/tool/images/circular-2.gif
2011/08/24 10:03:28 [error] [exception.CHttpException.404] exception 'CHttpException' with message 'The system is unable to find the requested action "images".' in D:\github\framework\web\CController.php:477
Stack trace:
#0 D:\github\framework\web\CController.php(262): CController->missingAction('images')
#1 D:\github\framework\web\CWebApplication.php(277): CController->run('images')
#2 D:\github\framework\web\CWebApplication.php(136): CWebApplication->runController('tool/images/but...')
#3 D:\github\framework\base\CApplication.php(158): CWebApplication->processRequest()
#4 D:\github\feediy.com\index.php(13): CApplication->run()
#5 {main} REQUEST_URI=/tool/images/but.gif
2011/08/24 10:03:53 [error] [exception.CHttpException.404] exception 'CHttpException' with message 'The system is unable to find the requested action "images".' in D:\github\framework\web\CController.php:477
Stack trace:
#0 D:\github\framework\web\CController.php(262): CController->missingAction('images')
#1 D:\github\framework\web\CWebApplication.php(277): CController->run('images')
#2 D:\github\framework\web\CWebApplication.php(136): CWebApplication->runController('tool/images/but...')
#3 D:\github\framework\base\CApplication.php(158): CWebApplication->processRequest()
#4 D:\github\feediy.com\index.php(13): CApplication->run()
#5 {main} REQUEST_URI=/tool/images/but.gif
2011/08/24 10:03:59 [error] [exception.CHttpException.404] exception 'CHttpException' with message 'The system is unable to find the requested action "images".' in D:\github\framework\web\CController.php:477
Stack trace:
#0 D:\github\framework\web\CController.php(262): CController->missingAction('images')
#1 D:\github\framework\web\CWebApplication.php(277): CController->run('images')
#2 D:\github\framework\web\CWebApplication.php(136): CWebApplication->runController('tool/images/but...')
#3 D:\github\framework\base\CApplication.php(158): CWebApplication->processRequest()
#4 D:\github\feediy.com\index.php(13): CApplication->run()
#5 {main} REQUEST_URI=/tool/images/but.gif
2011/08/24 10:04:05 [error] [exception.CHttpException.404] exception 'CHttpException' with message 'The system is unable to find the requested action "images".' in D:\github\framework\web\CController.php:477
Stack trace:
#0 D:\github\framework\web\CController.php(262): CController->missingAction('images')
#1 D:\github\framework\web\CWebApplication.php(277): CController->run('images')
#2 D:\github\framework\web\CWebApplication.php(136): CWebApplication->runController('tool/images/but...')
#3 D:\github\framework\base\CApplication.php(158): CWebApplication->processRequest()
#4 D:\github\feediy.com\index.php(13): CApplication->run()
#5 {main} REQUEST_URI=/tool/images/but.gif
2011/08/24 10:04:21 [error] [exception.CHttpException.404] exception 'CHttpException' with message 'The system is unable to find the requested action "images".' in D:\github\framework\web\CController.php:477
Stack trace:
#0 D:\github\framework\web\CController.php(262): CController->missingAction('images')
#1 D:\github\framework\web\CWebApplication.php(277): CController->run('images')
#2 D:\github\framework\web\CWebApplication.php(136): CWebApplication->runController('tool/images/but...')
#3 D:\github\framework\base\CApplication.php(158): CWebApplication->processRequest()
#4 D:\github\feediy.com\index.php(13): CApplication->run()
#5 {main} REQUEST_URI=/tool/images/but.gif
2011/08/24 10:05:08 [error] [exception.CHttpException.404] exception 'CHttpException' with message 'The system is unable to find the requested action "images".' in D:\github\framework\web\CController.php:477
Stack trace:
#0 D:\github\framework\web\CController.php(262): CController->missingAction('images')
#1 D:\github\framework\web\CWebApplication.php(277): CController->run('images')
#2 D:\github\framework\web\CWebApplication.php(136): CWebApplication->runController('tool/images/but...')
#3 D:\github\framework\base\CApplication.php(158): CWebApplication->processRequest()
#4 D:\github\feediy.com\index.php(13): CApplication->run()
#5 {main} REQUEST_URI=/tool/images/but.gif
2011/08/24 10:21:52 [error] [exception.CHttpException.404] exception 'CHttpException' with message 'The system is unable to find the requested action "images".' in D:\github\framework\web\CController.php:477
Stack trace:
#0 D:\github\framework\web\CController.php(262): CController->missingAction('images')
#1 D:\github\framework\web\CWebApplication.php(277): CController->run('images')
#2 D:\github\framework\web\CWebApplication.php(136): CWebApplication->runController('tool/images/but...')
#3 D:\github\framework\base\CApplication.php(158): CWebApplication->processRequest()
#4 D:\github\feediy.com\index.php(13): CApplication->run()
#5 {main} REQUEST_URI=/tool/images/but.gif
2011/08/24 10:23:51 [error] [exception.CHttpException.404] exception 'CHttpException' with message 'The system is unable to find the requested action "images".' in D:\github\framework\web\CController.php:477
Stack trace:
#0 D:\github\framework\web\CController.php(262): CController->missingAction('images')
#1 D:\github\framework\web\CWebApplication.php(277): CController->run('images')
#2 D:\github\framework\web\CWebApplication.php(136): CWebApplication->runController('tool/images/but...')
#3 D:\github\framework\base\CApplication.php(158): CWebApplication->processRequest()
#4 D:\github\feediy.com\index.php(13): CApplication->run()
#5 {main} REQUEST_URI=/tool/images/but.gif
2011/08/24 10:24:28 [error] [exception.CHttpException.404] exception 'CHttpException' with message 'The system is unable to find the requested action "images".' in D:\github\framework\web\CController.php:477
Stack trace:
#0 D:\github\framework\web\CController.php(262): CController->missingAction('images')
#1 D:\github\framework\web\CWebApplication.php(277): CController->run('images')
#2 D:\github\framework\web\CWebApplication.php(136): CWebApplication->runController('tool/images/but...')
#3 D:\github\framework\base\CApplication.php(158): CWebApplication->processRequest()
#4 D:\github\feediy.com\index.php(13): CApplication->run()
#5 {main} REQUEST_URI=/tool/images/but.gif
